<?xml version="1.0" encoding="UTF-8"?>
<!-- Generated by org.testng.reporters.JUnitReportReporter -->
<testsuite skipped="0" hostname="DESKTOP-TIV1G2J" name="com.parasoft.parabank.testsuite.LoginTest" tests="3" failures="0" timestamp="2022-05-03T21:45:41 BST" time="17.425" errors="0">
  <testcase name="verifyTheErrorMessage" time="4.950" classname="com.parasoft.parabank.testsuite.LoginTest"/>
  <system-out/>
  <testcase name="userShouldLoginSuccessfullyWithValidCredentials" time="5.173" classname="com.parasoft.parabank.testsuite.LoginTest"/>
  <system-out/>
  <testcase name="userShouldLogOutSuccessfully" time="7.302" classname="com.parasoft.parabank.testsuite.LoginTest"/>
  <system-out/>
</testsuite> <!-- com.parasoft.parabank.testsuite.LoginTest -->
