<?xml version="1.0" encoding="UTF-8"?>
<!-- Generated by org.testng.reporters.JUnitReportReporter -->
<testsuite skipped="0" hostname="DESKTOP-TIV1G2J" name="com.parasoft.parabank.AppTest" tests="1" failures="0" timestamp="2022-05-03T21:45:41 BST" time="0.016" errors="0">
  <testcase name="shouldAnswerWithTrue" time="0.016" classname="com.parasoft.parabank.AppTest"/>
  <system-out/>
</testsuite> <!-- com.parasoft.parabank.AppTest -->
